<?xml version="1.0" encoding="UTF-8"?>
<!-- Generated by org.testng.reporters.JUnitReportReporter -->
<testsuite hostname="PUNHJW256997L" name="com.qa.rest.test.GetCallBDD" tests="1" failures="0" timestamp="6 Sep 2019 16:05:55 GMT" time="3.968" errors="0">
  <testcase name="test_numberOfCircuitsFor2017_Season" time="3.968" classname="com.qa.rest.test.GetCallBDD"/>
</testsuite> <!-- com.qa.rest.test.GetCallBDD -->
